<?xml version="1.0" encoding="UTF-8"?>
<!-- Generated by org.testng.reporters.JUnitXMLReporter -->
<testsuite ignored="1" hostname="LAPTOP-8AAVMEOH" failures="0" tests="1" name="Default test" time="1.979" errors="0" timestamp="2021-04-26T21:15:37 MST">
  <testcase classname="com.qa.test.ApiDeleteTest" name="verifyDeleteMessage" time="1.956"/>
  <testcase classname="com.qa.test.ApiDeleteTest" name="verifyDeleteStatusCode" time="0.0">
    <ignored/>
  </testcase> <!-- verifyDeleteStatusCode -->
</testsuite> <!-- Default test -->
