<?xml version="1.0" encoding="UTF-8"?>
<testng-results ignored="1" total="2" passed="1" failed="0" skipped="0">
  <reporter-output>
  </reporter-output>
  <suite started-at="2021-04-26T21:15:35 MST" name="Default suite" finished-at="2021-04-26T21:15:37 MST" duration-ms="1979">
    <groups>
    </groups>
    <test started-at="2021-04-26T21:15:35 MST" name="Default test" finished-at="2021-04-26T21:15:37 MST" duration-ms="1979">
      <class name="com.qa.test.ApiDeleteTest">
        <test-method signature="verifyDeleteMessage()[pri:0, instance:com.qa.test.ApiDeleteTest@2e55dd0c]" started-at="2021-04-26T21:15:35 MST" name="verifyDeleteMessage" finished-at="2021-04-26T21:15:37 MST" duration-ms="1956" status="PASS">
          <reporter-output>
          </reporter-output>
        </test-method> <!-- verifyDeleteMessage -->
      </class> <!-- com.qa.test.ApiDeleteTest -->
    </test> <!-- Default test -->
  </suite> <!-- Default suite -->
</testng-results>
